<?xml version="1.0" encoding="UTF-8"?>
<testsuite xmlns:xsi="http://www.w3.org/2001/XMLSchema-instance" xsi:noNamespaceSchemaLocation="https://maven.apache.org/surefire/maven-surefire-plugin/xsd/surefire-test-report.xsd" version="3.0.2" name="com.itheima.UserServiceTest" time="0.049" tests="6" errors="0" skipped="0" failures="0">
  <properties>
[...]
</properties>
  <testcase name="testGenderWithAssert2" classname="测试用户信息" time="0.009"/>
  <testcase name="testGetAge2(String)[1]" classname="测试用户信息" time="0.009">
    <system-out><![CDATA[33
]]></system-out>
  </testcase>
  <testcase name="testGetAge2(String)[2]" classname="测试用户信息" time="0.001">
    <system-out><![CDATA[34
]]></system-out>
  </testcase>
  <testcase name="testGetGender" classname="测试用户信息" time="0.001">
    <system-out><![CDATA[男
]]></system-out>
  </testcase>
  <testcase name="testGetAge" classname="测试用户信息" time="0.001">
    <system-out><![CDATA[33
]]></system-out>
  </testcase>
  <testcase name="testGenderWithAssert" classname="测试用户信息" time="0.001"/>
</testsuite>